[2024-06-25 15:31:25,577] [INFO] [utils:_init_num_threads:148]: Note: NumExpr detected 20 cores but "NUMEXPR_MAX_THREADS" not set, so enforcing safe limit of 8.
[2024-06-25 15:31:25,577] [INFO] [utils:_init_num_threads:160]: NumExpr defaulting to 8 threads.
[2024-07-11 12:50:19,127] [INFO] [<ipython-input-8-4ede09e38df1>:<module>:2]: Saving spectrum...
[2024-07-11 12:50:27,019] [INFO] [<ipython-input-9-a0119d84b1f9>:<module>:2]: Saving spectrum...
[2024-07-11 12:51:43,463] [INFO] [<ipython-input-10-b333029ff356>:synthesize_spectrum:71]: Saving spectrum...
[2024-07-11 13:43:22,941] [INFO] [<ipython-input-5-a5819cc39cfa>:normalize_whole_spectrum_with_template:26]: Continuum normalization...
[2024-07-11 13:47:29,272] [INFO] [<ipython-input-9-603bb2651fef>:normalize_whole_spectrum_with_template:26]: Continuum normalization...
[2024-07-12 12:09:15,181] [INFO] [<ipython-input-4-cd3157c65da1>:normalize_whole_spectrum_with_template:26]: Continuum normalization...
[2024-07-12 12:11:20,642] [INFO] [<ipython-input-13-4932a8b6de48>:normalize_whole_spectrum_with_template:26]: Continuum normalization...
[2024-07-12 14:16:34,875] [INFO] [<ipython-input-5-7f59a854502b>:normalize_whole_spectrum_with_template:26]: Continuum normalization...
[2024-07-12 14:18:01,895] [INFO] [<ipython-input-5-7f59a854502b>:normalize_whole_spectrum_with_template:26]: Continuum normalization...
[2024-07-12 14:39:06,003] [INFO] [<ipython-input-4-443d5ba5e825>:normalize_whole_spectrum_with_template:26]: Continuum normalization...
[2024-07-12 14:40:10,943] [INFO] [<ipython-input-4-443d5ba5e825>:normalize_whole_spectrum_with_template:26]: Continuum normalization...
[2024-07-12 14:40:54,249] [INFO] [<ipython-input-3-268d30c619b3>:synthesize_spectrum:71]: Saving spectrum...
[2024-07-12 14:41:30,967] [INFO] [<ipython-input-4-443d5ba5e825>:normalize_whole_spectrum_with_template:26]: Continuum normalization...
[2024-07-12 14:54:02,756] [INFO] [<ipython-input-16-3c2e3ce8f2a3>:synthesize_spectrum:70]: Saving spectrum...
[2024-07-12 14:54:47,571] [INFO] [<ipython-input-17-04a8ffe2e8b6>:normalize_whole_spectrum_with_template:26]: Continuum normalization...
[2024-07-12 15:06:55,003] [INFO] [<ipython-input-16-3c2e3ce8f2a3>:synthesize_spectrum:70]: Saving spectrum...
[2024-07-15 12:14:50,673] [INFO] [continuum_adjust:synthesize_spectrum:124]: Saving spectrum...
[2024-07-15 12:15:16,418] [INFO] [continuum_adjust:normalize_whole_spectrum_with_template:153]: Continuum normalization...
[2024-07-15 12:18:10,620] [INFO] [<ipython-input-4-04a8ffe2e8b6>:normalize_whole_spectrum_with_template:26]: Continuum normalization...
[2024-07-15 13:25:45,435] [INFO] [continuum_adjust:normalize_whole_spectrum_with_template:153]: Continuum normalization...
[2024-07-15 13:35:15,258] [INFO] [<ipython-input-4-04a8ffe2e8b6>:normalize_whole_spectrum_with_template:26]: Continuum normalization...
[2024-07-15 13:42:41,485] [INFO] [<ipython-input-4-04a8ffe2e8b6>:normalize_whole_spectrum_with_template:26]: Continuum normalization...
[2024-07-15 13:49:17,737] [INFO] [<ipython-input-3-3c2e3ce8f2a3>:synthesize_spectrum:70]: Saving spectrum...
[2024-07-15 13:49:46,127] [INFO] [<ipython-input-4-04a8ffe2e8b6>:normalize_whole_spectrum_with_template:26]: Continuum normalization...
[2024-07-15 13:50:26,166] [INFO] [<ipython-input-3-3c2e3ce8f2a3>:synthesize_spectrum:70]: Saving spectrum...
[2024-07-15 13:50:58,719] [INFO] [<ipython-input-4-04a8ffe2e8b6>:normalize_whole_spectrum_with_template:26]: Continuum normalization...
[2024-07-15 13:51:58,389] [INFO] [<ipython-input-3-3c2e3ce8f2a3>:synthesize_spectrum:70]: Saving spectrum...
[2024-07-15 13:52:35,303] [INFO] [<ipython-input-4-04a8ffe2e8b6>:normalize_whole_spectrum_with_template:26]: Continuum normalization...
[2024-07-15 14:44:48,509] [INFO] [continuum_adjust:normalize_whole_spectrum_with_template:154]: Continuum normalization...
[2024-07-15 15:03:31,754] [INFO] [<ipython-input-8-04a8ffe2e8b6>:normalize_whole_spectrum_with_template:26]: Continuum normalization...
[2024-07-15 15:04:08,106] [INFO] [<ipython-input-8-04a8ffe2e8b6>:normalize_whole_spectrum_with_template:26]: Continuum normalization...
[2024-07-15 15:10:05,195] [INFO] [<ipython-input-8-04a8ffe2e8b6>:normalize_whole_spectrum_with_template:26]: Continuum normalization...
[2024-07-15 15:33:23,563] [INFO] [<ipython-input-22-0134d890a92a>:<module>:2]: Saving spectrum...
[2024-07-15 16:54:36,641] [INFO] [<ipython-input-8-04a8ffe2e8b6>:normalize_whole_spectrum_with_template:26]: Continuum normalization...
[2024-07-18 12:30:31,975] [INFO] [<ipython-input-4-04a8ffe2e8b6>:normalize_whole_spectrum_with_template:26]: Continuum normalization...
[2024-07-18 12:30:57,820] [INFO] [<ipython-input-4-04a8ffe2e8b6>:normalize_whole_spectrum_with_template:26]: Continuum normalization...
[2024-07-18 12:31:02,328] [INFO] [<ipython-input-8-0134d890a92a>:<module>:2]: Saving spectrum...
[2024-07-18 12:32:09,633] [INFO] [<ipython-input-4-04a8ffe2e8b6>:normalize_whole_spectrum_with_template:26]: Continuum normalization...
[2024-07-18 12:32:35,605] [INFO] [<ipython-input-4-04a8ffe2e8b6>:normalize_whole_spectrum_with_template:26]: Continuum normalization...
[2024-07-18 12:33:01,527] [INFO] [<ipython-input-4-04a8ffe2e8b6>:normalize_whole_spectrum_with_template:26]: Continuum normalization...
[2024-07-18 12:33:27,458] [INFO] [<ipython-input-4-04a8ffe2e8b6>:normalize_whole_spectrum_with_template:26]: Continuum normalization...
[2024-07-18 12:39:39,094] [INFO] [<ipython-input-4-04a8ffe2e8b6>:normalize_whole_spectrum_with_template:26]: Continuum normalization...
[2024-07-18 12:40:05,004] [INFO] [<ipython-input-4-04a8ffe2e8b6>:normalize_whole_spectrum_with_template:26]: Continuum normalization...
[2024-07-18 12:40:09,343] [INFO] [<ipython-input-9-0134d890a92a>:<module>:2]: Saving spectrum...
[2024-07-18 12:43:49,211] [INFO] [<ipython-input-4-04a8ffe2e8b6>:normalize_whole_spectrum_with_template:26]: Continuum normalization...
[2024-07-18 12:46:35,275] [INFO] [<ipython-input-4-04a8ffe2e8b6>:normalize_whole_spectrum_with_template:26]: Continuum normalization...
[2024-07-18 12:47:25,509] [INFO] [<ipython-input-4-04a8ffe2e8b6>:normalize_whole_spectrum_with_template:26]: Continuum normalization...
[2024-07-18 12:48:16,321] [INFO] [<ipython-input-4-04a8ffe2e8b6>:normalize_whole_spectrum_with_template:26]: Continuum normalization...
[2024-07-18 12:48:50,035] [INFO] [<ipython-input-4-04a8ffe2e8b6>:normalize_whole_spectrum_with_template:26]: Continuum normalization...
[2024-07-18 12:49:45,924] [INFO] [<ipython-input-4-04a8ffe2e8b6>:normalize_whole_spectrum_with_template:26]: Continuum normalization...
[2024-07-18 12:50:11,808] [INFO] [<ipython-input-4-04a8ffe2e8b6>:normalize_whole_spectrum_with_template:26]: Continuum normalization...
[2024-07-18 12:50:37,732] [INFO] [<ipython-input-4-04a8ffe2e8b6>:normalize_whole_spectrum_with_template:26]: Continuum normalization...
[2024-07-18 12:51:03,600] [INFO] [<ipython-input-4-04a8ffe2e8b6>:normalize_whole_spectrum_with_template:26]: Continuum normalization...
[2024-07-18 12:52:10,387] [INFO] [<ipython-input-14-04a8ffe2e8b6>:normalize_whole_spectrum_with_template:26]: Continuum normalization...
[2024-07-18 12:52:36,149] [INFO] [<ipython-input-14-04a8ffe2e8b6>:normalize_whole_spectrum_with_template:26]: Continuum normalization...
[2024-07-18 12:53:01,921] [INFO] [<ipython-input-14-04a8ffe2e8b6>:normalize_whole_spectrum_with_template:26]: Continuum normalization...
[2024-07-18 12:53:27,714] [INFO] [<ipython-input-14-04a8ffe2e8b6>:normalize_whole_spectrum_with_template:26]: Continuum normalization...
[2024-07-18 12:53:53,549] [INFO] [<ipython-input-14-04a8ffe2e8b6>:normalize_whole_spectrum_with_template:26]: Continuum normalization...
[2024-07-18 12:54:49,846] [INFO] [<ipython-input-14-04a8ffe2e8b6>:normalize_whole_spectrum_with_template:26]: Continuum normalization...
[2024-07-18 12:55:15,671] [INFO] [<ipython-input-14-04a8ffe2e8b6>:normalize_whole_spectrum_with_template:26]: Continuum normalization...
[2024-07-18 12:55:50,516] [INFO] [<ipython-input-14-04a8ffe2e8b6>:normalize_whole_spectrum_with_template:26]: Continuum normalization...
[2024-07-18 12:56:43,984] [INFO] [<ipython-input-14-04a8ffe2e8b6>:normalize_whole_spectrum_with_template:26]: Continuum normalization...
[2024-07-18 12:57:09,711] [INFO] [<ipython-input-14-04a8ffe2e8b6>:normalize_whole_spectrum_with_template:26]: Continuum normalization...
[2024-07-18 12:57:52,171] [INFO] [<ipython-input-14-04a8ffe2e8b6>:normalize_whole_spectrum_with_template:26]: Continuum normalization...
[2024-07-18 12:58:17,981] [INFO] [<ipython-input-14-04a8ffe2e8b6>:normalize_whole_spectrum_with_template:26]: Continuum normalization...
[2024-07-18 13:00:37,115] [INFO] [<ipython-input-14-04a8ffe2e8b6>:normalize_whole_spectrum_with_template:26]: Continuum normalization...
[2024-07-18 13:01:02,851] [INFO] [<ipython-input-14-04a8ffe2e8b6>:normalize_whole_spectrum_with_template:26]: Continuum normalization...
[2024-07-18 13:01:46,012] [INFO] [<ipython-input-14-04a8ffe2e8b6>:normalize_whole_spectrum_with_template:26]: Continuum normalization...
[2024-07-18 13:02:11,830] [INFO] [<ipython-input-14-04a8ffe2e8b6>:normalize_whole_spectrum_with_template:26]: Continuum normalization...
[2024-07-18 13:02:37,602] [INFO] [<ipython-input-14-04a8ffe2e8b6>:normalize_whole_spectrum_with_template:26]: Continuum normalization...
[2024-07-18 13:03:37,622] [INFO] [<ipython-input-14-04a8ffe2e8b6>:normalize_whole_spectrum_with_template:26]: Continuum normalization...
[2024-07-18 13:04:03,381] [INFO] [<ipython-input-14-04a8ffe2e8b6>:normalize_whole_spectrum_with_template:26]: Continuum normalization...
[2024-07-18 13:04:29,129] [INFO] [<ipython-input-14-04a8ffe2e8b6>:normalize_whole_spectrum_with_template:26]: Continuum normalization...
[2024-07-18 13:04:54,869] [INFO] [<ipython-input-14-04a8ffe2e8b6>:normalize_whole_spectrum_with_template:26]: Continuum normalization...
[2024-07-18 13:05:20,696] [INFO] [<ipython-input-14-04a8ffe2e8b6>:normalize_whole_spectrum_with_template:26]: Continuum normalization...
[2024-07-18 13:06:05,998] [INFO] [<ipython-input-14-04a8ffe2e8b6>:normalize_whole_spectrum_with_template:26]: Continuum normalization...
[2024-07-18 13:06:31,827] [INFO] [<ipython-input-14-04a8ffe2e8b6>:normalize_whole_spectrum_with_template:26]: Continuum normalization...
[2024-07-18 13:08:26,955] [INFO] [<ipython-input-14-04a8ffe2e8b6>:normalize_whole_spectrum_with_template:26]: Continuum normalization...
[2024-07-18 13:08:52,581] [INFO] [<ipython-input-14-04a8ffe2e8b6>:normalize_whole_spectrum_with_template:26]: Continuum normalization...
[2024-07-18 13:09:18,221] [INFO] [<ipython-input-14-04a8ffe2e8b6>:normalize_whole_spectrum_with_template:26]: Continuum normalization...
[2024-07-18 13:09:43,677] [INFO] [<ipython-input-14-04a8ffe2e8b6>:normalize_whole_spectrum_with_template:26]: Continuum normalization...
[2024-07-18 13:11:58,732] [INFO] [<ipython-input-14-04a8ffe2e8b6>:normalize_whole_spectrum_with_template:26]: Continuum normalization...
[2024-07-18 13:12:24,303] [INFO] [<ipython-input-14-04a8ffe2e8b6>:normalize_whole_spectrum_with_template:26]: Continuum normalization...
[2024-07-18 13:12:49,888] [INFO] [<ipython-input-14-04a8ffe2e8b6>:normalize_whole_spectrum_with_template:26]: Continuum normalization...
[2024-07-18 13:13:15,182] [INFO] [<ipython-input-14-04a8ffe2e8b6>:normalize_whole_spectrum_with_template:26]: Continuum normalization...
[2024-07-18 13:13:40,432] [INFO] [<ipython-input-14-04a8ffe2e8b6>:normalize_whole_spectrum_with_template:26]: Continuum normalization...
[2024-07-18 13:14:05,247] [INFO] [<ipython-input-14-04a8ffe2e8b6>:normalize_whole_spectrum_with_template:26]: Continuum normalization...
[2024-07-18 13:14:29,596] [INFO] [<ipython-input-14-04a8ffe2e8b6>:normalize_whole_spectrum_with_template:26]: Continuum normalization...
[2024-07-18 13:14:53,698] [INFO] [<ipython-input-14-04a8ffe2e8b6>:normalize_whole_spectrum_with_template:26]: Continuum normalization...
[2024-07-18 13:18:40,493] [INFO] [<ipython-input-14-04a8ffe2e8b6>:normalize_whole_spectrum_with_template:26]: Continuum normalization...
[2024-07-18 13:19:06,150] [INFO] [<ipython-input-14-04a8ffe2e8b6>:normalize_whole_spectrum_with_template:26]: Continuum normalization...
[2024-07-18 13:19:31,601] [INFO] [<ipython-input-14-04a8ffe2e8b6>:normalize_whole_spectrum_with_template:26]: Continuum normalization...
[2024-07-18 13:19:56,917] [INFO] [<ipython-input-14-04a8ffe2e8b6>:normalize_whole_spectrum_with_template:26]: Continuum normalization...
[2024-07-18 13:20:22,099] [INFO] [<ipython-input-14-04a8ffe2e8b6>:normalize_whole_spectrum_with_template:26]: Continuum normalization...
[2024-07-18 13:20:47,039] [INFO] [<ipython-input-14-04a8ffe2e8b6>:normalize_whole_spectrum_with_template:26]: Continuum normalization...
[2024-07-18 13:21:11,729] [INFO] [<ipython-input-14-04a8ffe2e8b6>:normalize_whole_spectrum_with_template:26]: Continuum normalization...
[2024-07-18 13:21:36,534] [INFO] [<ipython-input-14-04a8ffe2e8b6>:normalize_whole_spectrum_with_template:26]: Continuum normalization...
[2024-07-18 13:22:00,963] [INFO] [<ipython-input-14-04a8ffe2e8b6>:normalize_whole_spectrum_with_template:26]: Continuum normalization...
[2024-07-18 13:22:24,850] [INFO] [<ipython-input-14-04a8ffe2e8b6>:normalize_whole_spectrum_with_template:26]: Continuum normalization...
[2024-07-18 13:22:48,574] [INFO] [<ipython-input-14-04a8ffe2e8b6>:normalize_whole_spectrum_with_template:26]: Continuum normalization...
[2024-07-18 13:24:57,125] [INFO] [<ipython-input-14-04a8ffe2e8b6>:normalize_whole_spectrum_with_template:26]: Continuum normalization...
[2024-07-18 13:25:22,672] [INFO] [<ipython-input-14-04a8ffe2e8b6>:normalize_whole_spectrum_with_template:26]: Continuum normalization...
[2024-07-18 13:25:48,201] [INFO] [<ipython-input-14-04a8ffe2e8b6>:normalize_whole_spectrum_with_template:26]: Continuum normalization...
[2024-07-18 13:26:13,608] [INFO] [<ipython-input-14-04a8ffe2e8b6>:normalize_whole_spectrum_with_template:26]: Continuum normalization...
[2024-07-18 13:26:38,937] [INFO] [<ipython-input-14-04a8ffe2e8b6>:normalize_whole_spectrum_with_template:26]: Continuum normalization...
[2024-07-18 13:27:04,019] [INFO] [<ipython-input-14-04a8ffe2e8b6>:normalize_whole_spectrum_with_template:26]: Continuum normalization...
[2024-07-18 13:27:28,871] [INFO] [<ipython-input-14-04a8ffe2e8b6>:normalize_whole_spectrum_with_template:26]: Continuum normalization...
[2024-07-18 13:27:53,432] [INFO] [<ipython-input-14-04a8ffe2e8b6>:normalize_whole_spectrum_with_template:26]: Continuum normalization...
[2024-07-18 13:28:17,819] [INFO] [<ipython-input-14-04a8ffe2e8b6>:normalize_whole_spectrum_with_template:26]: Continuum normalization...
[2024-07-18 13:28:41,764] [INFO] [<ipython-input-14-04a8ffe2e8b6>:normalize_whole_spectrum_with_template:26]: Continuum normalization...
[2024-07-18 13:29:05,191] [INFO] [<ipython-input-14-04a8ffe2e8b6>:normalize_whole_spectrum_with_template:26]: Continuum normalization...
[2024-07-18 13:55:08,389] [INFO] [<ipython-input-14-04a8ffe2e8b6>:normalize_whole_spectrum_with_template:26]: Continuum normalization...
[2024-07-18 13:55:34,311] [INFO] [<ipython-input-14-04a8ffe2e8b6>:normalize_whole_spectrum_with_template:26]: Continuum normalization...
[2024-07-18 13:57:40,191] [INFO] [<ipython-input-14-04a8ffe2e8b6>:normalize_whole_spectrum_with_template:26]: Continuum normalization...
[2024-07-18 13:58:05,963] [INFO] [<ipython-input-14-04a8ffe2e8b6>:normalize_whole_spectrum_with_template:26]: Continuum normalization...
